<?xml version="1.0" encoding="UTF-8"?>
<!-- Generated by org.testng.reporters.JUnitReportReporter -->
<testsuite skipped="0" hostname="prashant-PC" name="com.gurudemo.testcases.TC_NewCustomer_002" tests="1" failures="0" timestamp="27 May 2020 09:32:55 GMT" time="63.896" errors="0">
  <testcase name="addNewCustomer" time="63.896" classname="com.gurudemo.testcases.TC_NewCustomer_002"/>
</testsuite> <!-- com.gurudemo.testcases.TC_NewCustomer_002 -->
